\BOOKMARK [0][]{chapter.1}{\376\377\0001\000\040\145\164\226\144}{}% 1
\BOOKMARK [1][]{section.1.1}{\376\377\0001\000.\0001\000\040\145\164\226\144\140\047}{chapter.1}% 2
\BOOKMARK [1][]{section.1.2}{\376\377\0001\000.\0002\000\040\153\047\121\340\221\314\137\227\217\227\217\154\166\370\226\144\154\325}{chapter.1}% 3
\BOOKMARK [1][]{section.1.3}{\376\377\0001\000.\0003\000\040\116\000\153\041\116\015\133\232\145\271\172\013}{chapter.1}% 4
\BOOKMARK [1][]{section.1.4}{\376\377\0001\000.\0004\000\040\147\000\134\017\121\154\120\015\145\160}{chapter.1}% 5
\BOOKMARK [1][]{section.1.5}{\376\377\0001\000.\0005\000\040\175\040\145\160\116\016\173\227\147\057\127\372\147\054\133\232\164\006}{chapter.1}% 6
\BOOKMARK [1][]{section.1.6}{\376\377\0001\000.\0006\000\040\232\330\145\257\121\375\145\160}{chapter.1}% 7
\BOOKMARK [1][]{section*.3}{\376\377\176\303\116\140}{chapter.1}% 8
\BOOKMARK [0][]{chapter.2}{\376\377\0002\000\040\124\014\117\131}{}% 9
\BOOKMARK [1][]{section.2.1}{\376\377\0002\000.\0001\000\040\124\014\117\131\166\204\127\372\147\054\140\047\215\050}{chapter.2}% 10
\BOOKMARK [1][]{section.2.2}{\376\377\0002\000.\0002\000\040\153\047\142\311\121\375\145\160}{chapter.2}% 11
\BOOKMARK [2][]{subsection.2.2.1}{\376\377\0002\000.\0002\000.\0001\000\040\122\151\117\131\174\373\166\204\220\115\123\206}{section.2.2}% 12
\BOOKMARK [2][]{subsection.2.2.2}{\376\377\0002\000.\0002\000.\0002\000\040\153\047\142\311\121\375\145\160}{section.2.2}% 13
\BOOKMARK [1][]{section.2.3}{\376\377\0002\000.\0003\000\040\153\047\142\311\133\232\164\006}{chapter.2}% 14
\BOOKMARK [2][]{subsection.2.3.1}{\376\377\0002\000.\0003\000.\0001\000\040\153\047\142\311\133\232\164\006\124\214\215\071\232\154\133\232\164\006}{section.2.3}% 15
\BOOKMARK [2][]{subsection.2.3.2}{\376\377\0002\000.\0003\000.\0002\000\040\142\151\134\125\153\047\142\311\133\232\164\006}{section.2.3}% 16
\BOOKMARK [2][]{subsection.2.3.3}{\376\377\0002\000.\0003\000.\0003\000\040\152\041\221\315\131\015\136\163\145\271\173\227\154\325}{section.2.3}% 17
\BOOKMARK [1][]{section.2.4}{\376\377\0002\000.\0004\000\040\116\000\153\041\124\014\117\131\137\017}{chapter.2}% 18
\BOOKMARK [2][]{subsection.2.4.1}{\376\377\0002\000.\0004\000.\0001\000\040\124\014\117\131\137\017\123\312\121\166\211\343\145\160}{section.2.4}% 19
\BOOKMARK [2][]{subsection.2.4.2}{\376\377\0002\000.\0004\000.\0002\000\040\116\000\153\041\124\014\117\131\137\017}{section.2.4}% 20
\BOOKMARK [2][]{subsection.2.4.3}{\376\377\0002\000.\0004\000.\0003\000\040\220\006\121\103}{section.2.4}% 21
\BOOKMARK [1][]{section.2.5}{\376\377\0002\000.\0005\000\040\116\055\126\375\122\151\117\131\133\232\164\006}{chapter.2}% 22
\BOOKMARK [2][]{subsection.2.5.1}{\376\377\0002\000.\0005\000.\0001\000\040\116\055\126\375\122\151\117\131\133\232\164\006}{section.2.5}% 23
\BOOKMARK [2][]{subsection.2.5.2}{\376\377\0002\000.\0005\000.\0002\000\040\220\022\143\250\154\325}{section.2.5}% 24
\BOOKMARK [2][]{subsection.2.5.3}{\376\377\0002\000.\0005\000.\0003\000\040\136\224\165\050}{section.2.5}% 25
\BOOKMARK [1][]{section.2.6}{\376\377\0002\000.\0006\000\040\124\014\117\131\137\017\176\304\211\343\154\325}{chapter.2}% 26
\BOOKMARK [2][]{subsection.2.6.1}{\376\377\0002\000.\0006\000.\0001\000\040\124\014\117\131\137\017\176\304\211\343\145\160}{section.2.6}% 27
\BOOKMARK [2][]{subsection.2.6.2}{\376\377\0002\000.\0006\000.\0002\000\040\152\041\124\014\116\000\175\040\145\160\136\102}{section.2.6}% 28
\BOOKMARK [2][]{subsection.2.6.3}{\376\377\0002\000.\0006\000.\0003\000\040\116\000\202\054\124\014\117\131\137\017\154\102\211\343}{section.2.6}% 29
\BOOKMARK [1][]{section.2.7}{\376\377\0002\000.\0007\000\040\152\041\116\072\175\040\145\160\136\102\166\204\232\330\134\102\124\014\117\131\137\017}{chapter.2}% 30
\BOOKMARK [1][]{section.2.8}{\376\377\0002\000.\0008\000\040\232\330\153\041\124\014\117\131\137\017\154\102\211\343\145\271\154\325}{chapter.2}% 31
\BOOKMARK [2][]{subsection.2.8.1}{\376\377\0002\000.\0008\000.\0001\000\040\125\057\116\000\211\343}{section.2.8}% 32
\BOOKMARK [2][]{subsection.2.8.2}{\376\377\0002\000.\0008\000.\0002\000\040\145\340\211\343}{section.2.8}% 33
\BOOKMARK [2][]{subsection.2.8.3}{\376\377\0002\000.\0008\000.\0003\000\040\131\032\116\052\211\343}{section.2.8}% 34
\BOOKMARK [2][]{subsection.2.8.4}{\376\377\0002\000.\0008\000.\0004\000\040\131\015\147\102\140\305\121\265}{section.2.8}% 35
\BOOKMARK [1][]{section*.4}{\376\377\176\303\116\140}{chapter.2}% 36
\BOOKMARK [0][]{chapter.3}{\376\377\0003\000\040\127\337}{}% 37
\BOOKMARK [1][]{section.3.1}{\376\377\0003\000.\0001\000\040\127\337\166\204\133\232\116\111\116\016\140\047\215\050}{chapter.3}% 38
\BOOKMARK [2][]{subsection.3.1.1}{\376\377\0003\000.\0001\000.\0001\000\040\127\337\166\204\133\232\116\111}{section.3.1}% 39
\BOOKMARK [2][]{subsection.3.1.2}{\376\377\0003\000.\0001\000.\0002\000\040\133\120\127\337\124\214\142\151\127\337}{section.3.1}% 40
\BOOKMARK [1][]{section.3.2}{\376\377\0003\000.\0002\000\040\127\337\166\204\162\171\137\201}{chapter.3}% 41
\BOOKMARK [2][]{subsection.3.2.1}{\376\377\0003\000.\0002\000.\0001\000\040\162\171\137\201\166\204\133\232\116\111}{section.3.2}% 42
\BOOKMARK [2][]{subsection.3.2.2}{\376\377\0003\000.\0002\000.\0002\000\040\127\337\166\204\124\014\147\204}{section.3.2}% 43
\BOOKMARK [2][]{subsection.3.2.3}{\376\377\0003\000.\0002\000.\0003\000\040\175\040\127\337}{section.3.2}% 44
\BOOKMARK [1][]{section.3.3}{\376\377\0003\000.\0003\000\040\116\214\230\171\137\017\133\232\164\006}{chapter.3}% 45
\BOOKMARK [2][]{subsection.3.3.1}{\376\377\0003\000.\0003\000.\0001\000\040\116\214\230\171\137\017\133\232\164\006}{section.3.3}% 46
\BOOKMARK [2][]{subsection.3.3.2}{\376\377\0003\000.\0003\000.\0002\000\040\162\171\137\201\136\102\166\204\116\214\230\171\137\017\133\232\164\006}{section.3.3}% 47
\BOOKMARK [2][]{subsection.3.3.3}{\376\377\0003\000.\0003\000.\0003\000\040\127\337\116\012\166\204\131\032\230\171\137\017}{section.3.3}% 48
\BOOKMARK [2][]{subsection.3.3.4}{\376\377\0003\000.\0003\000.\0004\000\040\131\032\230\171\137\017\166\204\122\240\154\325\124\214\116\130\154\325}{section.3.3}% 49
\BOOKMARK [1][]{section.3.4}{\376\377\0003\000.\0004\000\040\131\032\230\171\137\017\166\204\217\227\217\154\166\370\226\144\154\325}{chapter.3}% 50
\BOOKMARK [2][]{subsection.3.4.1}{\376\377\0003\000.\0004\000.\0001\000\040\136\046\117\131\226\144\154\325\173\227\137\017}{section.3.4}% 51
\BOOKMARK [2][]{subsection.3.4.2}{\376\377\0003\000.\0004\000.\0002\000\040\126\340\137\017\116\016\120\015\137\017}{section.3.4}% 52
\BOOKMARK [2][]{subsection.3.4.3}{\376\377\0003\000.\0004\000.\0003\000\040\217\227\217\154\166\370\226\144\154\325}{section.3.4}% 53
\BOOKMARK [1][]{section.3.5}{\376\377\0003\000.\0005\000\040\131\032\230\171\137\017\145\164\226\144\124\214\125\057\116\000\126\340\137\017\122\006\211\343\133\232\164\006}{chapter.3}% 54
\BOOKMARK [2][]{subsection.3.5.1}{\376\377\0003\000.\0005\000.\0001\000\040\131\032\230\171\137\017\145\164\226\144\166\204\140\047\215\050}{section.3.5}% 55
\BOOKMARK [2][]{subsection.3.5.2}{\376\377\0003\000.\0005\000.\0002\000\040\131\032\230\171\137\017\166\204\152\041\220\006}{section.3.5}% 56
\BOOKMARK [2][]{subsection.3.5.3}{\376\377\0003\000.\0005\000.\0003\000\040\125\057\116\000\126\340\137\017\122\006\211\343\133\232\164\006}{section.3.5}% 57
\BOOKMARK [1][]{section.3.6}{\376\377\0003\000.\0006\000\040\142\151\127\337\166\204\147\204\220\040}{chapter.3}% 58
\BOOKMARK [2][]{subsection.3.6.1}{\376\377\0003\000.\0006\000.\0001\000\040\131\032\230\171\137\017\166\204\150\071}{section.3.6}% 59
\BOOKMARK [2][]{subsection.3.6.2}{\376\377\0003\000.\0006\000.\0002\000\040\142\151\127\337\166\204\147\204\220\040}{section.3.6}% 60
\BOOKMARK [1][]{section.3.7}{\376\377\0003\000.\0007\000\040\147\011\226\120\127\337\166\204\116\130\154\325\177\244}{chapter.3}% 61
\BOOKMARK [2][]{subsection.3.7.1}{\376\377\0003\000.\0007\000.\0001\000\040\147\011\226\120\127\337\166\204\116\130\154\325\177\244}{section.3.7}% 62
\BOOKMARK [2][]{subsection.3.7.2}{\376\377\0003\000.\0007\000.\0002\000\040\137\252\163\257\177\244\166\204\176\323\147\204}{section.3.7}% 63
\BOOKMARK [0][]{chapter.4}{\376\377\0004\000\040}{}% 64
\BOOKMARK [1][]{section.4.1}{\376\377\0004\000.\0001\000\040\122\322\213\251\137\267\173\046\123\367}{chapter.4}% 65
\BOOKMARK [2][]{subsection.4.1.1}{\376\377\0004\000.\0001\000.\0001\000\040\153\047\142\311\122\044\122\053\154\325\122\031}{section.4.1}% 66
